<?xml version="1.0" encoding="UTF-8"?>
<!-- Generated by org.testng.reporters.JUnitReportReporter -->
<testsuite hostname="DESKTOP-DKQM26S" failures="0" tests="1" name="test_scripts.LoginTestScripts" time="15.882" errors="0" timestamp="2024-01-29T12:08:23 IST" skipped="0">
  <testcase classname="test_scripts.LoginTestScripts" name="login" time="15.882"/>
</testsuite> <!-- test_scripts.LoginTestScripts -->
