<?xml version="1.0" encoding="UTF-8"?>
<!-- Generated by org.testng.reporters.JUnitReportReporter -->
<testsuite hostname="DESKTOP-DKQM26S" failures="0" tests="1" name="test_scripts.GetMyProfileTableTestScript" time="19.197" errors="0" timestamp="2024-02-03T09:10:06 IST" skipped="0">
  <testcase classname="test_scripts.GetMyProfileTableTestScript" name="ProfileTableScrnSht" time="19.197"/>
</testsuite> <!-- test_scripts.GetMyProfileTableTestScript -->
