<?xml version="1.0" encoding="UTF-8"?>
<!-- Generated by org.testng.reporters.JUnitReportReporter -->
<testsuite hostname="DESKTOP-DKQM26S" failures="0" tests="1" name="test_scripts.AddAddressTestScript" time="20.458" errors="0" timestamp="2024-02-03T12:12:11 IST" skipped="0">
  <testcase classname="test_scripts.AddAddressTestScript" name="addAndStoreInfo" time="20.458"/>
</testsuite> <!-- test_scripts.AddAddressTestScript -->
